total args 3
argv[0] = ./startQuacker
argv[1] = 1
argv[2] = 1
total pubs : 1
total subs : 1
Forked publisher with ID : 4362
Forked Subscriber with ID : 4363

[Pub process 4362] sending message

[Pub process 4362] waiting for response

[circular_biffer] Creating the topic locks.

[Pub thread 209264640] Pub thread running.

[Pub thread 209264640] Listening for publisher 4362

[Pub thread 209264640] pub proxy caught message : pub 4362 connect

[Pub thread 209264640] sending 'accept'

[Pub thread 209264640] waiting for message

[Pub process 4362] Got message: accept

[Pub process 4362] Sending Message: end

[Pub process 4362] waiting for response

[Pub thread 209264640] got message: end

[Pub thread 209264640] Sending Response: accept

[Pub thread 209264640] waiting for message

[Pub process 4362] Got message: accept

[Pub process 4362] Sending Message: terminate

[Pub process 4362] waiting for response

[Pub thread 209264640] got message: terminate

[Pub thread 209264640] Sending Response: terminate

[Pub process 4362] Got message: terminate

[Subscriber thread 209801216] sub thread running.

[Subscriber thread 209801216] Listening for subscriber 4363

[Subscriber process 4363] sending message

[Subscriber process 4363] waiting for response

[Subscriber thread 209801216] sub proxy caught message : sub 4363 connect

[Subscriber thread 209801216] sending 'accept'

[Subscriber thread 209801216] waiting for message

[Subscriber process 4363] Got message: accept

[Subscriber process 4363] Sending Message: end

[Subscriber process 4363] waiting for response

[Subscriber thread 209801216] got message: end

[Subscriber thread 209801216] Sending Response: accept

[Subscriber thread 209801216] waiting for message

[Subscriber process 4363] Got message: accept

[Subscriber process 4363] Sending Message: terminate

[Subscriber process 4363] waiting for response

[Subscriber thread 209801216] got message: terminate

[Subscriber thread 209801216] Sending Response: terminate

[Subscriber process 4363] Got message: terminate