a:2
	A
	a
aal:2
	aal
	ala
aam:2
	aam
	ama
aaeinort:2
	Aaronite
	aeration
aaru:2
	Aaru
	aura
ab:2
	Ab
	ba
aab:2
	aba
	baa
aabcort:2
	abactor
	acrobat
aabft:2
	abaft
	bafta
aabelno:2
	abalone
	balonea
aabcin:2
	Abanic
	Bianca
aabirs:2
	Abaris
	Arabis
aabers:2
	abaser
	abrase
aabet:5
	abate
	Ateba
	batea
	Beata
	beata
aabert:2
	abater
	artabe
abb:2
	abb
	Bab
aabb:2
	Abba
	baba
abbey:2
	abbey
	bebay
abby:2
	Abby
	baby
aabdt:2
	abdat
	batad
abdeil:2
	Abdiel
	Baldie
abe:3
	Abe
	bae
	Bea
abde:3
	abed
	bade
	bead
abel:7
	Abel
	able
	albe
	bale
	beal
	bela
	blae
abeel:2
	abele
	albee
abeeilt:2
	Abelite
	abelite
abceeinrt:2
	abenteric
	bicrenate
aabeir:3
	Aberia
	Baeria
	Baiera
abet:5
	abet
	bate
	beat
	Beta
	beta
abeemntt:2
	abetment
	batement
abdeir:2
	abider
	bardie
abeis:2
	Abies
	beisa
aabgiil:2
	Abigail
	abigail
abilo:2
	abilo
	aboil
abir:3
	abir
	Bari
	bari
abinost:2
	abiston
	bastion
abeirtu:3
	abiuret
	aubrite
	biurate
aabkr:2
	abkar
	Arkab
aabelr:3
	ablare
	arable
	Arbela
abeelnss:2
	ableness
	blaeness
abelr:5
	abler
	baler
	belar
	blare
	blear
ablow:3
	ablow
	balow
	bowla
abdelu:2
	ablude
	belaud
abilnotu:2
	ablution
	Abutilon
ably:2
	ably
	blay
abhmo:2
	abmho
	abohm
abenr:2
	Abner
	Arneb
abent:2
	abnet
	beant
abo:2
	Abo
	boa
aabdor:3
	aboard
	aborad
	abroad
abdeo:2
	abode
	adobe
aablor:2
	aboral
	arbalo
abdor:4
	abord
	bardo
	board
	broad
abcdeiiort:2
	aborticide
	bacterioid
abeiortv:2
	abortive
	bravoite
abostu:2
	abouts
	Basuto
aabmr:2
	Abram
	ambar
aabimrs:2
	Abramis
	Arabism
aaabrsx:2
	abrasax
	abraxas
aablorst:2
	abrastol
	Albatros
aabcert:2
	abreact
	bractea
abert:3
	abret
	bater
	berat
abdegir:2
	abridge
	brigade
abimr:2
	abrim
	birma
abinr:4
	abrin
	bairn
	brain
	Brian
abeinort:2
	abrotine
	baritone
abrsu:2
	Abrus
	bursa
aablmos:2
	Absalom
	balsamo
abenst:2
	absent
	basten
abis:3
	Absi
	Bais
	bias
abist:2
	absit
	Batis
abhmos:2
	absmho
	absohm
aboprst:2
	absorpt
	barpost
abu:2
	Abu
	abu
abcilu:2
	abulic
	baculi
aabtu:2
	Abuta
	bauta
aby:2
	aby
	bay
aablmsy:2
	abysmal
	balsamy
aaccdeim:2
	Academic
	academic
aacdeeimt:2
	academite
	acetamide
aacdei:3
	Acadie
	acedia
	Adicea
aacehlp:2
	acaleph
	acephal
aaacehlp:2
	Acalepha
	Acephala
aaaceehlp:2
	Acalephae
	Apalachee
aaacehlnp:2
	acalephan
	acephalan
aachnt:2
	acanth
	Anchat
aaachint:2
	Acanthia
	Achatina
aaacr:2
	acara
	araca
aaacdir:3
	acardia
	Acarida
	Arcadia
aaacinr:3
	acarian
	Acarina
	Acrania
aaceinr:3
	acarine
	acraein
	arecain
aacsstu:2
	Acastus
	Astacus
acceit:2
	accite
	acetic
aacceilnt:2
	acclinate
	analectic
acceinort:2
	accretion
	anorectic
accersu:2
	accurse
	accuser
acer:2
	Acer
	acre
aaacceeer:2
	Aceraceae
	Arecaceae
aacceeorsu:2
	aceraceous
	arecaceous
abcer:2
	acerb
	brace
abcceir:2
	acerbic
	breccia
aceeilnruv:2
	acervuline
	avirulence
aaceinnot:2
	acetanion
	antoecian
aceint:2
	acetin
	actine
aceinot:4
	acetoin
	aconite
	anoetic
	antoeci
aaceinortu:2
	acetonuria
	aeronautic
acehr:2
	acher
	arche
accehinort:2
	Acherontic
	anchoretic
aaccehilnort:2
	Acherontical
	anchoretical
aachilo:2
	acholia
	alochia
acdiity:2
	acidity
	adicity
acdily:2
	acidly
	acidyl
acdhiiloopsu:2
	acidophilous
	aphidicolous
aceir:2
	acier
	aeric
aaceilr:2
	Acieral
	aerical
aacinr:2
	acinar
	arnica
acis:2
	Acis
	asci
acel:2
	acle
	alec
aacilln:2
	aclinal
	ancilla
aaceimn:2
	acnemia
	anaemic
aacdin:2
	Acnida
	anacid
aacmo:2
	Acoma
	acoma
aacilnot:3
	aconital
	actional
	Anatolic
acimnotu:2
	Aconitum
	acontium
acinostu:2
	Acontius
	anticous
acnor:2
	acorn
	acron
aabcr:2
	Acrab
	braca
acdilry:2
	acridly
	acridyl
aacirt:2
	Acrita
	Arctia
aacinrt:2
	acritan
	arctian
aceirt:2
	acrite
	Arcite
acciilmnoru:2
	Acroclinium
	Alcicornium
aacegnory:2
	Acrogynae
	acrogynae
aceilnor:2
	acrolein
	arecolin
aaccilnor:2
	acronical
	Alcoranic
acefiirt:2
	actifier
	artifice
acint:2
	actin
	antic
aacilnt:4
	actinal
	alantic
	Alicant
	antical
acinot:2
	action
	atonic
aceinort:2
	actioner
	anerotic
aabceiltv:2
	activable
	biclavate
aacorttu:2
	actuator
	autocrat
aacnu:2
	Acuan
	Aucan
abcensu:2
	Acubens
	Benacus
aadd:4
	Adad
	adad
	Adda
	adda
aadeg:2
	adage
	Agade
aadeimt:3
	Adamite
	adamite
	amidate
aadinopt:2
	adaption
	adoptian
aadiimnopst:2
	adaptionism
	adoptianism
aadr:2
	Adar
	arad
aademr:2
	adarme
	adream
ade:2
	Ade
	ade
adeem:2
	adeem
	ameed
adeimnr:2
	adermin
	Amerind
aadhinop:2
	adiaphon
	aphodian
aadghinrt:2
	Adigranth
	adigranth
adin:2
	Adin
	Andi
aadilt:2
	adital
	Altaid
aadil:2
	Adlai
	Alida
adim:2
	admi
	amid
adeimr:2
	admire
	armied
adimt:2
	admit
	atmid
aaccdeenns:2
	adnascence
	ascendance
aacdennst:2
	adnascent
	ascendant
aadino:2
	Adonai
	Adonia
acdino:2
	Adonic
	anodic
adeinoz:2
	adonize
	anodize
aadilnoopt:2
	adoptional
	Aplodontia
aadop:2
	adpao
	Apoda
adeeinnr:2
	adrenine
	Adrienne
aadinr:3
	Adrian
	Andira
	Andria
aadlru:2
	adular
	Aludra
aaeginp:2
	Aegipan
	Apinage
aeegiirt:2
	aegirite
	ariegite
aaeilno:3
	Aeolian
	aeolina
	aeonial
aeinost:2
	aeonist
	asiento
aer:2
	aer
	are
aaaeinrr:2
	aerarian
	Arenaria
aaeilr:2
	aerial
	aralie
aaeeghoprrr:2
	aerographer
	areographer
aaceghioprr:2
	aerographic
	areographic
aaaceghiloprr:2
	aerographical
	areographical
aaeghoprry:2
	aerography
	areography
acegiloor:2
	aerologic
	areologic
aacegilloor:2
	aerological
	areological
aegiloorst:2
	aerologist
	areologist
aegloory:2
	aerology
	areology
aeeemorrt:2
	aerometer
	areometer
aceeimorrt:2
	aerometric
	areometric
aeemorrty:2
	aerometry
	areometry
aeloors:2
	Aerosol
	aerosol
aaceiorsstt:2
	aerostatics
	aortectasis
aes:2
	aes
	ase
aaeint:2
	Aetian
	antiae
aafr:2
	Afar
	afar
abeefilr:2
	afebrile
	balefire
aefrt:2
	afret
	after
aafhrs:2
	Afshar
	ashraf
aacefrtt:2
	afteract
	artefact
abeflortw:2
	afterblow
	batfowler
aaeefrsttt:2
	afterstate
	aftertaste
aagl:3
	agal
	agla
	alga
aaagm:3
	Agama
	agama
	amaga
aaegipt:2
	agapeti
	agpaite
aagr:2
	agar
	Agra
aagu:2
	Agau
	agua
aeeginss:2
	agenesis
	assignee
aaegilnt:2
	agential
	alginate
aegr:2
	ager
	agre
aaegginort:2
	aggeration
	agregation
abgi:2
	Agib
	biga
aegil:2
	Agiel
	agile
agiorst:2
	agistor
	Agrotis
aaeglr:2
	aglare
	alegar
aaegimnt:2
	agmatine
	agminate
aegln:3
	agnel
	angel
	angle
agnsu:2
	agnus
	Angus
agno:2
	agon
	ango
aaglno:2
	agonal
	Angola
aadgiinno:2
	agoniadin
	anangioid
acgino:2
	agonic
	angico
aaglr:2
	agral
	argal
aaaginr:2
	Agrania
	angaria
acgiilorst:2
	agricolist
	algoristic
aagnor:5
	agroan
	Angora
	Anogra
	arango
	Argoan
aegu:2
	ague
	auge
ah:2
	Ah
	ah
aehors:2
	ahorse
	ashore
aaehnt:3
	Ahtena
	aneath
	Athena
ahu:2
	ahu
	auh
adeinn:2
	Aidenn
	Andine
adeis:2
	Aides
	aside
aeil:2
	aiel
	aile
aaeiilnnt:2
	ailantine
	antialien
aailnot:2
	ailanto
	alation
aeilnor:2
	aileron
	alienor
agiiln:2
	ailing
	angili
aeilmnt:2
	ailment
	aliment
aim:3
	aim
	Ami
	ami
aint:3
	aint
	Anti
	anti
aair:2
	Aira
	aria
aainr:3
	airan
	arain
	Arian
adeimorr:2
	airdrome
	armoried
aadeeilr:2
	Airedale
	airedale
aeirr:2
	airer
	arrie
aaimnr:2
	airman
	amarin
ait:2
	ait
	Ati
aaajj:2
	Ajaja
	ajaja
aak:2
	Aka
	aka
aaikl:2
	Akali
	Alaki
abeik:2
	akebi
	bakie
aeekn:2
	aknee
	ankee
aaakmos:2
	akoasma
	Amakosa
aakr:2
	Akra
	akra
aku:3
	aku
	Auk
	auk
al:2
	Al
	al
aailn:2
	Alain
	alani
aaall:2
	Alala
	alala
aalmo:2
	alamo
	aloma
aaln:3
	Alan
	alan
	anal
aagilnn:3
	alangin
	anginal
	Anglian
aaegilnn:2
	alangine
	Angelina
aacillnot:2
	alantolic
	allantoic
aallny:2
	alanyl
	anally
aaelrs:2
	alares
	Arales
aaailr:2
	Alaria
	Aralia
aaabellmr:2
	alarmable
	ambarella
aailmrst:2
	alarmist
	alastrim
abl:4
	Alb
	alb
	Bal
	bal
aabl:4
	alba
	Baal
	baal
	Bala
aabln:4
	Alban
	alban
	Balan
	banal
aabeilnt:2
	albanite
	balanite
aabilmru:2
	albarium
	Brumalia
aaablt:3
	albata
	atabal
	balata
abeilt:6
	albeit
	albite
	baltei
	Belait
	betail
	Bletia
abelrt:2
	Albert
	balter
abelort:2
	Alberto
	bloater
abil:4
	Albi
	bail
	Bali
	bali
aabiln:2
	Albian
	Bilaan
abiln:3
	Albin
	binal
	blain
abilno:3
	albino
	Albion
	Alboin
abelnorz:2
	albronze
	blazoner
aabclu:2
	Albuca
	bacula
aabeilmntu:2
	albuminate
	antelabium
aacdeil:2
	alcaide
	Alcidae
aaceilmn:2
	alcamine
	analcime
aacehlr:2
	alchera
	archeal
aceiln:2
	alcine
	ancile
aaclnor:2
	Alcoran
	ancoral
adeiln:2
	Aldine
	aldine
aaceilort:2
	Alectoria
	alectoria
aeflt:2
	aleft
	alfet
aelm:2
	alem
	alme
aeeilmt:2
	Alemite
	alemite
aelrt:3
	alert
	alter
	artel
aeilrst:2
	Aletris
	Alister
aeltu:2
	Aleut
	atule
aceiltu:2
	Aleutic
	auletic
aeilnv:2
	alevin
	alvine
aelx:3
	Alex
	Axel
	axle
aaadeilnnrx:2
	Alexandrian
	Alexandrina
aaeilx:2
	Alexia
	alexia
aadelry:2
	aleyard
	already
afl:2
	Alf
	alf
aabeglr:2
	Algebar
	algebra
abegiln:4
	Algenib
	bealing
	Belgian
	Bengali
aeegilnr:2
	Algerine
	algerine
acgil:2
	Algic
	algic
aabegil:2
	Algieba
	bailage
agiln:2
	algin
	align
aglor:2
	algor
	argol
aglmu:2
	algum
	almug
abeill:2
	alible
	Belial
aeiln:3
	alien
	Aline
	anile
aaeiilnnot:2
	alienation
	alineation
aceiilmnt:2
	alimentic
	antilemic
ailn:2
	alin
	anil
aciilpt:2
	aliptic
	aplitic
ailos:2
	aliso
	Alois
ailnos:3
	Alison
	alison
	Anolis
ailx:2
	Alix
	axil
aaegillt:2
	allagite
	alligate
aalln:2
	Allan
	allan
abellno:2
	allbone
	Bellona
aeills:3
	Allies
	allies
	Aselli
aillmu:2
	Allium
	Alulim
allot:2
	allot
	atoll
adellu:2
	allude
	aludel
ally:2
	Ally
	ally
aalm:3
	Alma
	alma
	amla
aailmn:2
	Almain
	animal
almno:2
	Almon
	almon
aaegln:2
	alnage
	Angela
ailno:3
	aloin
	anoil
	anoli
aelno:2
	alone
	anole
alnoos:2
	Alonso
	alsoon
aceilopst:2
	alopecist
	altiscope
alow:2
	alow
	Awol
aeilnp:2
	Alpine
	alpine
aiilnpst:2
	Alpinist
	antislip
aalnru:2
	alraun
	alruna
aghilrty:2
	alrighty
	arightly
aacilt:2
	Altaic
	Altica
aailrt:3
	Altair
	atrail
	atrial
aalrt:2
	altar
	artal
aabeiillrtty:2
	alterability
	bilaterality
aelnrt:2
	altern
	antler
aaehlt:2
	Althea
	althea
ahlnort:2
	althorn
	anthrol
aaeilmntu:2
	aluminate
	alumniate
aalrv:2
	alvar
	arval
aelsuv:2
	alveus
	avulse
ailnv:2
	Alvin
	anvil
aelsty:2
	Alytes
	astely
aaceimnr:2
	amacrine
	American
aaimn:4
	amain
	amani
	amnia
	anima
aaamp:2
	amapa
	Apama
aamr:2
	amar
	amra
aamss:2
	amass
	Assam
aaimt:2
	Amati
	Amita
aaeimnotz:2
	amazonite
	anatomize
abeemr:2
	ambeer
	beamer
abemr:4
	amber
	bearm
	bemar
	bream
abeimr:2
	ambier
	Bremia
abelm:3
	amble
	belam
	blame
abelmr:2
	ambler
	blamer
abgilmn:2
	ambling
	blaming
abgillmny:2
	amblingly
	blamingly
abmo:2
	ambo
	boma
abemors:2
	Ambrose
	ambrose
aabimnors:2
	Ambrosian
	ambrosian
abimnors:2
	ambrosin
	barosmin
abmry:2
	ambry
	barmy
abmruy:2
	ambury
	aumbry
aeemn:2
	ameen
	amene
aaeilm:2
	Amelia
	amelia
aemn:2
	Amen
	amen
aaeimn:3
	amenia
	Anemia
	anemia
aaeimnt:5
	amentia
	aminate
	Anamite
	anamite
	animate
aeimmrs:2
	amerism
	asimmer
aceiimrst:3
	ameristic
	armistice
	artemisic
aaeimrt:2
	ametria
	Artemia
ailm:2
	amil
	amli
aeilms:2
	Amiles
	asmile
aaiimnnot:2
	amination
	animation
aeimn:2
	amine
	anime
aiimn:2
	amini
	animi
aeiimnz:3
	aminize
	animize
	azimine
aimr:2
	Amir
	amir
aamm:2
	Amma
	amma
aeimmnot:2
	Ammonite
	ammonite
aiimmnnotu:2
	ammunition
	antimonium
aaaimnnot:2
	Amnionata
	Anamniota
aaeimnnot:2
	amnionate
	anamniote
aeimnot:2
	amniote
	anomite
aimorst:2
	amorist
	aortism
aahmopr:2
	Amorpha
	amphora
achimopr:2
	amorphic
	amphoric
ahmooprsu:2
	amorphous
	amphorous
aeimortz:2
	amortize
	atomizer
achhiilmopp:2
	amphiphloic
	amphophilic
aahmst:2
	amsath
	asthma
aaimnos:2
	Amsonia
	anosmia
amy:2
	Amy
	amy
aan:2
	Ana
	ana
aaaacnr:2
	anacara
	Aracana
aaacegnnory:2
	Anacrogynae
	anacrogynae
aacinssu:2
	anacusis
	Ascanius
aaceilnt:2
	analcite
	Anticlea
aamn:2
	Anam
	anam
aaaimnrt:2
	Anamirta
	Araminta
aann:3
	anan
	Anna
	anna
aaadinnr:2
	anandria
	Andriana
aaeinnt:2
	Ananite
	anatine
aaadinps:2
	Anapsida
	Anaspida
aachimnrs:2
	anarchism
	arachnism
aachinrst:2
	anarchist
	archsaint
aaceinrt:2
	anaretic
	arcanite
aadhnooprrt:2
	anarthropod
	arthropodan
aans:2
	Anas
	ansa
aaans:2
	Anasa
	asana
aant:3
	Anat
	Anta
	anta
aacimnost:2
	anatocism
	anosmatic
aabn:2
	anba
	Bana
achnor:2
	anchor
	archon
acehinort:2
	anchorite
	antechoir
aciinnost:2
	anconitis
	antiscion
adenr:2
	Andre
	arend
adlnor:2
	androl
	Arnold
aaenr:3
	anear
	Arean
	arena
aennt:2
	anent
	annet
aaeinp:2
	anepia
	Apinae
adeinor:2
	aneroid
	arenoid
aeinss:2
	anesis
	Anseis
aeimnrsu:2
	aneurism
	arsenium
aaagnr:2
	Angara
	aranga
aacegiln:2
	Angelica
	angelica
aacegilln:2
	Angelical
	angelical
aegnr:2
	anger
	areng
aeglnr:2
	angler
	Arleng
aacgiiilnnotz:2
	Anglicization
	anglicization
acegiilnz:2
	Anglicize
	anglicize
aghilns:2
	Anglish
	ashling
agnor:2
	angor
	argon
agmnorst:2
	Angstrom
	angstrom
aginsu:2
	Anguis
	anguis
aghint:2
	anight
	athing
aimnsu:3
	animus
	anisum
	anusim
aeeinstt:2
	anisette
	Atestine
aaeinoprst:2
	Anisoptera
	asperation
ann:2
	Ann
	ann
aaelnn:2
	annale
	anneal
aannno:2
	Annona
	annona
aailmnost:2
	anomalist
	atonalism
aainop:2
	anopia
	aponia
achinort:2
	anorthic
	anthroic
aainos:2
	Anosia
	asonia
aehnort:2
	another
	athenor
aainot:2
	anotia
	atonia
aainox:2
	anoxia
	Axonia
aenorssu:2
	anserous
	arsenous
ansu:2
	ansu
	anus
aanrt:2
	Antar
	antra
aaaccinrtt:2
	Antarctica
	antarctica
aent:2
	ante
	Aten
aaaelnntt:2
	antenatal
	Atlantean
aadeinrt:2
	anteriad
	Atridean
aaehinnt:2
	Anthinae
	Athenian
aaachinrt:2
	anthracia
	Antiarcha
aabiinnrt:2
	antiabrin
	Britannia
aabdiilmntu:2
	antialbumid
	Balantidium
aabdeeiilmnnotxz:2
	antibenzaldoxime
	benzantialdoxime
aaceinstt:2
	anticaste
	Ataentsic
aaceeiinrttv:2
	anticreative
	antireactive
aceeinprt:2
	anticreep
	apenteric
aeilnopt:2
	Antilope
	antipole
aeeimnrtt:2
	antimeter
	attermine
aciimnnot:2
	antimonic
	antinomic
aimnnoty:2
	antimony
	antinomy
aeginnort:3
	antinegro
	Argentino
	argention
aahiinprsst:2
	antiphrasis
	artisanship
ailnoopt:2
	antipolo
	antipool
aeinoppt:2
	antipope
	appointe
aciinoprst:2
	antipsoric
	ascription
aabeiinrst:2
	antirabies
	bestiarian
aadeinrtt:2
	antitrade
	attainder
aenrt:2
	antre
	arent
antu:3
	Antu
	antu
	aunt
aacehp:2
	Apache
	apache
aaahips:2
	aphasia
	asaphia
aachips:2
	aphasic
	Asaphic
ahips:2
	Aphis
	apish
adehioprt:2
	Aphrodite
	atrophied
aainp:2
	apian
	Apina
aaioprt:2
	apiator
	atropia
aeiops:2
	apiose
	apoise
aachmooprt:2
	apochromat
	archoptoma
aacioprt:2
	Apocrita
	aproctia
aadiop:2
	Apodia
	apodia
aacilopstu:2
	apolaustic
	autopsical
aooopprssu:2
	aposporous
	aprosopous
aelopst:2
	apostle
	aseptol
aciloopst:2
	Apostolic
	apostolic
aeilppr:2
	applier
	aripple
ainoopprt:2
	appointor
	apportion
acioprt:2
	apricot
	atropic
aaainqru:2
	Aquarian
	aquarian
aabr:4
	Arab
	arba
	baar
	bara
aabirst:2
	Arabist
	Bartsia
aacchir:2
	arachic
	archaic
aachirs:2
	Arachis
	Asiarch
aacehnr:2
	Arachne
	Archean
aaacdehinor:2
	Arachnoidea
	arachnoidea
aamrsu:2
	Aramus
	Asarum
aadeinr:2
	araneid
	Ariadne
aaarr:2
	Arara
	arara
aairt:2
	arati
	atria
aaanru:2
	Arauan
	Arauna
aabeelrrst:3
	arbalester
	arbalestre
	arrestable
aabeilrrst:2
	arbalister
	breastrail
abdeorr:2
	arbored
	boarder
abcelrsu:2
	arbuscle
	buscarle
aaacdinr:2
	Arcadian
	arcadian
aacehr:2
	archae
	areach
acehrr:2
	Archer
	archer
achry:2
	Archy
	archy
aaclru:2
	arcual
	arcula
aader:2
	Ardea
	aread
abder:3
	ardeb
	beard
	bread
adeiors:2
	ardoise
	Aroides
aceeilnor:2
	arecoline
	arenicole
aacenru:2
	Arecuna
	Aucaner
aaegnr:2
	Arenga
	Argean
aeegmnrtu:2
	argenteum
	augmenter
aeeginnrt:2
	Argentine
	argentine
aegmnrtu:2
	argentum
	argument
agor:2
	Argo
	argo
aegru:2
	argue
	auger
aahrr:2
	arhar
	arrah
aahrt:3
	arhat
	artha
	athar
abeiinr:2
	aribine
	bairnie
aeilr:2
	Ariel
	ariel
aeirs:2
	Aries
	arise
aeinrs:2
	arisen
	arsine
airst:2
	arist
	astir
aaeirsst:2
	Aristeas
	Asterias
aaeilrsttu:2
	aristulate
	australite
aeirt:2
	arite
	Artie
airsu:2
	Arius
	Asuri
aainorz:2
	Arizona
	Azorian
aeikrt:2
	Arkite
	arkite
aelrs:2
	arles
	arsle
aanrtu:2
	Arnaut
	Arunta
adnoru:2
	around
	Arundo
aarrs:2
	Arras
	arras
aarru:2
	arrau
	aurar
aerrst:2
	arrest
	astrer
aeginrrst:2
	arresting
	astringer
aacdirs:2
	Arsacid
	ascarid
adeeinrs:2
	arsedine
	arsenide
aeinorst:3
	arsonite
	Asterion
	asterion
art:2
	Art
	art
aaabrt:2
	artaba
	batara
aaemrst:2
	Artemas
	astream
aeiorrstu:2
	arterious
	autoriser
aaeinrst:4
	Artesian
	artesian
	Asterina
	asternia
aainrst:2
	artisan
	astrain
arty:2
	arty
	atry
aahrsu:2
	arusha
	Aushar
as:2
	As
	as
aaeirst:3
	asarite
	asteria
	atresia
abesst:2
	asbest
	basset
aacdeilps:2
	Asclepiad
	asclepiad
acost:2
	Ascot
	ascot
ahrsu:2
	Ashur
	ashur
aaehinopst:2
	asiphonate
	asthenopia
aakos:2
	asoak
	asoka
abeelmss:2
	assemble
	beamless
aeorrsst:2
	assertor
	assorter
aaainrstt:2
	Astartian
	Astrantia
abeilst:4
	Astilbe
	astilbe
	bestial
	blastie
aaaenrst:2
	Astraean
	astraean
aaaglrsstu:2
	Astragalus
	astragalus
aainrstu:2
	Asturian
	Austrian
aaestw:2
	asweat
	awaste
aabcillsy:2
	asyllabic
	basically
aacilntt:2
	Atlantic
	atlantic
aalst:2
	Atlas
	atlas
amot:2
	atmo
	atom
anoty:2
	atony
	ayont
aahnopt:2
	Atophan
	atophan
alotxy:2
	Atoxyl
	atoxyl
aaeegnrt:2
	Atragene
	atragene
aatt:2
	Atta
	atta
aacsttu:2
	Attacus
	attacus
acitt:2
	Attic
	attic
aciimstt:2
	Atticism
	atticism
aceiittz:2
	Atticize
	atticize
abeu:2
	aube
	beau
aabeiirtu:2
	Aubrietia
	aubrietia
aacu:2
	Auca
	auca
aacehinu:2
	Auchenia
	auchenia
aabcuu:2
	Aucuba
	aucuba
adinou:2
	Audion
	audion
agstuu:2
	August
	august
aalmoostu:2
	Aulostoma
	autosomal
aaimnrtuu:2
	Aurantium
	aurantium
aaeilru:2
	Aurelia
	aurelia
aacilruu:2
	Auricula
	auricula
aaaciilrruu:2
	Auricularia
	auricularia
acceloopsstuu:2
	Auscultoscope
	auscultoscope
aalrstu:2
	Austral
	austral
aehopttuy:2
	authotype
	autophyte
agioortu:2
	Autogiro
	autogiro
aahoprtu:2
	Autoharp
	autoharp
aev:2
	Ave
	ave
aaaciilruv:2
	Avicularia
	avicularia
adeiorv:2
	avodire
	avoider
aisx:2
	Axis
	axis
ay:2
	Ay
	ay
aaaelz:2
	Azalea
	azalea
aacetz:2
	Azteca
	azteca
b:2
	B
	b
aaabhlt:2
	Baalath
	Bathala
aabeilt:2
	Baalite
	bialate
abbbitt:2
	Babbitt
	babbitt
abbbelr:3
	babbler
	blabber
	brabble
abbeit:2
	Babite
	bebait
abbu:2
	babu
	buba
abblu:2
	babul
	bubal
abccchi:2
	Bacchic
	bacchic
abceh:2
	bache
	beach
abcehl:2
	bachel
	bleach
abcis:2
	Bacis
	basic
abbcklow:2
	backblow
	blowback
abcno:2
	bacon
	banco
abcefimorrt:2
	bacteriform
	bracteiform
abceilstu:2
	Baculites
	bisulcate
aabdn:3
	badan
	Banda
	banda
abdeg:2
	badge
	begad
abdly:3
	badly
	baldy
	blady
abdno:2
	Badon
	bando
abelty:3
	baetyl
	baylet
	bleaty
abceilty:2
	baetylic
	biacetyl
aabgin:2
	bagani
	Bangia
abegl:2
	bagel
	belga
abeggr:2
	bagger
	beggar
abgo:2
	bago
	boga
abegr:3
	bagre
	barge
	begar
aabhr:2
	bahar
	bhara
abeho:2
	bahoe
	bohea
abht:4
	baht
	Bath
	bath
	bhat
abegint:2
	baignet
	beating
abeilr:2
	bailer
	barile
abeillno:2
	baillone
	Bonellia
abilor:2
	bailor
	bioral
aabilmns:2
	bailsman
	balanism
abin:2
	bain
	bani
aabimr:2
	Bairam
	Bramia
abhiinrs:2
	bairnish
	Bisharin
abeirt:2
	baiter
	barite
aabkl:2
	bakal
	Balak
aaabknt:2
	Bakatan
	batakan
abek:2
	bake
	beak
abeeiklt:2
	Bakelite
	bakelite
abekr:3
	baker
	brake
	break
abeeklrss:3
	bakerless
	brakeless
	breakless
abekry:2
	bakery
	barkey
abku:2
	Baku
	baku
aabdeiln:2
	baladine
	balaenid
aaabgln:2
	balagan
	Bangala
aabcelnr:2
	balancer
	barnacle
aaabglny:2
	balangay
	bangalay
aabdiln:2
	balanid
	banilad
aabeilnst:2
	Balanites
	basaltine
aablo:2
	Balao
	balao
aabls:3
	balas
	balsa
	basal
abdl:2
	bald
	blad
abdeln:2
	balden
	bandle
abdelr:6
	balder
	bardel
	bedlar
	bedral
	belard
	blader
abdhils:2
	baldish
	bladish
abdelnss:2
	baldness
	bandless
abeeils:2
	baleise
	besaiel
abeelt:2
	balete
	belate
abeiln:2
	baline
	Blaine
abeklr:2
	balker
	barkle
abill:2
	balli
	billa
ablor:3
	Balor
	bolar
	boral
ablt:2
	Balt
	blat
abilst:2
	Baltis
	bisalt
ablu:3
	balu
	baul
	bual
abcehhiilmrtuu:2
	Baluchitherium
	baluchitherium
aabdlnu:2
	Balunda
	Bulanda
abn:2
	Ban
	ban
aabnt:2
	banat
	Batan
aabcln:2
	bancal
	blanca
abden:2
	bande
	benda
abdenr:2
	bander
	Brenda
aabdemnr:2
	Banderma
	breadman
abdeelnor:2
	banderole
	bandoleer
abdnor:2
	Bandor
	bondar
abdenor:2
	bandore
	broaden
aben:3
	bane
	bean
	bena
abegln:2
	bangle
	Bengal
aabinv:3
	Baniva
	Bavian
	bavian
aabiny:2
	baniya
	Banyai
abijnost:2
	banjoist
	bostanji
abeknr:2
	banker
	barken
abcknno:2
	Bannock
	bannock
abeehns:2
	banshee
	benshea
aabmnt:3
	Bantam
	bantam
	batman
abegnnt:2
	banteng
	bentang
abr:2
	bar
	bra
aaabbrr:2
	Barabra
	Barbara
abbr:2
	barb
	brab
aaabbinrr:2
	Barbarian
	barbarian
aabbrry:2
	Barbary
	barbary
abber:3
	barbe
	bebar
	breba
abbeertt:2
	barbette
	bebatter
abbeinort:2
	barbitone
	barbotine
abbenor:2
	barbone
	bebaron
abcoor:2
	Barcoo
	Baroco
abdr:3
	bard
	Brad
	brad
abdginr:2
	barding
	brigand
aber:4
	Bare
	bare
	bear
	brae
abefoort:2
	barefoot
	bearfoot
aabddeehnr:2
	barehanded
	bradenhead
aabdeehr:2
	barehead
	braehead
abelry:3
	barely
	barley
	bleary
abeeegrs:2
	bargeese
	begrease
abdir:3
	barid
	bidar
	braid
abeir:2
	barie
	beira
abekrr:2
	barker
	braker
abkry:2
	barky
	braky
abgilnr:2
	barling
	bringal
abmr:2
	barm
	Bram
aabbckmrr:2
	barmbrack
	brambrack
abemort:2
	barmote
	bromate
abnr:2
	barn
	bran
aabdnrr:2
	Barnard
	barnard
abenry:2
	Barney
	barney
abnry:2
	barny
	Bryan
abnor:2
	baron
	Boran
abgnor:2
	barong
	brogan
abeoqru:2
	Baroque
	baroque
abeorst:2
	Barotse
	boaster
aaabcnrr:2
	barracan
	barranca
aberrt:2
	barret
	barter
abeerrtt:2
	barrette
	batterer
abiorr:3
	Barrio
	barrio
	brairo
abrry:2
	Barry
	barry
abers:2
	barse
	besra
abrt:2
	Bart
	brat
abnort:3
	Barton
	barton
	brotan
abelrv:2
	barvel
	blaver
abery:2
	barye
	beray
abeinrty:2
	barytine
	Bryanite
abnorty:2
	baryton
	brotany
abes:2
	base
	besa
aabils:2
	basial
	Blasia
abils:2
	Basil
	basil
aabciils:2
	Basilica
	basilica
abdeeilsw:2
	basilweed
	bladewise
aaabilnss:2
	basinasal
	Bassalian
abeinst:3
	basinet
	besaint
	bestain
abinos:2
	basion
	bonsai
abekst:2
	basket
	betask
aboss:2
	basos
	basso
abeqsu:2
	Basque
	basque
abst:3
	Bast
	bast
	bats
aabdrst:2
	Bastard
	bastard
abest:2
	baste
	beast
aberst:3
	baster
	bestar
	breast
abeistt:3
	bastite
	batiste
	bistate
abost:2
	basto
	boast
abt:2
	Bat
	bat
abcehrt:3
	batcher
	Berchta
	brachet
abelt:3
	batel
	blate
	bleat
abeht:2
	bathe
	beath
abehrt:3
	bather
	Bertha
	breath
aaabchirt:2
	Batrachia
	Brachiata
aaabchinrt:2
	batrachian
	Branchiata
aabtt:2
	Batta
	batta
abeltt:2
	battel
	battle
abeelrtt:2
	batteler
	berattle
abeginntt:2
	battening
	bitangent
abertt:2
	batter
	Bertat
abelrtt:3
	battler
	blatter
	brattle
abeltu:2
	batule
	Betula
abentz:2
	batzen
	bezant
abdu:2
	baud
	buda
abnu:3
	baun
	Buna
	buna
ablw:2
	bawl
	blaw
abelrw:2
	bawler
	brelaw
aaby:2
	Baya
	baya
aabdry:2
	Bayard
	bayard
abdey:3
	bayed
	beady
	beday
abenoty:2
	bayonet
	Betoyan
abddee:2
	beaded
	bedead
abdeer:2
	beader
	bedare
abdeelt:2
	beadlet
	belated
abeegl:4
	Beagle
	beagle
	belage
	Belgae
abeekr:2
	beaker
	berake
abem:2
	beam
	bema
abeemrst:3
	beamster
	bemaster
	bestream
abekmorw:2
	beamwork
	bowmaker
abdeelrss:2
	beardless
	breadless
abdeeelnrssss:2
	beardlessness
	breadlessness
abeerss:2
	bearess
	Bessera
abeginr:3
	bearing
	begrain
	brainge
abeelrt:2
	bearlet
	bleater
abeillsty:2
	beastlily
	bestially
abeert:3
	beater
	berate
	betear
aabbdeeorrv:2
	Beaverboard
	beaverboard
abbeest:2
	bebaste
	bebeast
bbego:2
	bebog
	begob
abcder:2
	becard
	braced
abceert:2
	becater
	betrace
abceesu:2
	because
	besauce
abcehmr:2
	becharm
	brecham
bceehr:2
	becher
	breech
bceehnr:2
	bechern
	bencher
bcehipr:2
	bechirp
	brephic
bcek:2
	Beck
	beck
bcery:2
	becry
	Bryce
abdemn:2
	bedamn
	bedman
bdeel:2
	bedel
	bleed
bdeip:2
	bedip
	biped
abdelm:3
	bedlam
	beldam
	blamed
bdeelss:2
	bedless
	blessed
bdego:2
	bedog
	bodge
abdeilr:2
	bedrail
	bridale
bddeir:2
	bedrid
	bidder
bcdekor:2
	bedrock
	brocked
bdemoor:3
	bedroom
	Boerdom
	boredom
bdenorw:2
	bedrown
	browden
bdegru:2
	bedrug
	budger
bcdeku:2
	beduck
	bucked
bdeksu:2
	bedusk
	busked
bdestu:3
	bedust
	bestud
	busted
bee:2
	Bee
	bee
abeenr:2
	beearn
	Berean
abeemn:3
	beeman
	bemean
	bename
been:2
	been
	bene
beer:3
	beer
	bere
	bree
beest:2
	beest
	beset
beeginsw:2
	beeswing
	beswinge
beefil:2
	befile
	belief
beefginr:2
	befinger
	befringe
abeefl:2
	beflea
	beleaf
beefrt:2
	befret
	bereft
abeghs:2
	begash
	beshag
abegt:2
	begat
	betag
begin:3
	begin
	being
	binge
bdegir:2
	begird
	bridge
bcegil:2
	beglic
	Belgic
beeginu:2
	Beguine
	beguine
abeehrs:2
	behears
	beshear
behnor:2
	behorn
	brehon
bdei:2
	Beid
	bide
bel:2
	Bel
	bel
abbelor:2
	belabor
	borable
abeelp:2
	beleap
	bepale
beiill:2
	Belili
	Billie
beeilt:3
	belite
	beltie
	bietle
beeilv:2
	belive
	beveil
abeilllt:2
	belltail
	Bletilla
bdeilo:3
	beloid
	boiled
	bolide
bdeilno:2
	belonid
	boldine
bdelor:2
	belord
	bordel
below:2
	below
	bowel
belt:2
	belt
	blet
beelv:2
	belve
	bevel
abelmu:2
	bemaul
	Blumea
beeimr:2
	bemire
	bireme
ben:2
	Ben
	ben
abeimn:2
	benami
	bimane
bdeenr:2
	bender
	berend
bcdeeint:2
	Benedict
	benedict
bdeeghint:2
	benedight
	benighted
bein:4
	Beni
	beni
	bien
	bine
abeijmnn:2
	Benjamin
	benjamin
bejny:2
	Benjy
	benjy
beennt:2
	Bennet
	bennet
benny:2
	Benny
	benny
beno:2
	beno
	bone
beenot:2
	benote
	betone
bennot:2
	Benton
	bonnet
abdenrw:2
	benward
	brawned
beeinnz:2
	benzein
	benzine
benoz:2
	benzo
	bonze
abeprt:3
	bepart
	berapt
	betrap
abeepst:2
	bepaste
	bespate
abegmort:2
	Bergamot
	bergamot
beir:3
	Beri
	bier
	brei
bdeeginr:2
	beringed
	breeding
beeinrs:2
	berinse
	besiren
beelry:2
	berley
	bleery
abdenrr:2
	Bernard
	brander
beeenrs:2
	Bernese
	besneer
beeor:2
	Beroe
	boree
abdeior:2
	Beroida
	Boreiad
bellor:2
	beroll
	boller
bdenoru:2
	beround
	bounder
beirr:2
	berri
	brier
bdeeirr:2
	berried
	briered
beilrs:2
	Bersil
	birsle
bert:3
	Bert
	Bret
	bret
behrt:2
	berth
	breth
beghinrt:2
	berthing
	brighten
beeirt:2
	Bertie
	betire
abeilnoort:2
	Bertolonia
	borolanite
abemrrt:2
	Bertram
	bertram
berstu:2
	berust
	buster
beeirv:2
	bervie
	brieve
bceorsu:2
	bescour
	Buceros
abdehosw:2
	beshadow
	bodewash
beist:2
	besit
	betis
beeilms:2
	beslime
	besmile
begilnss:2
	beslings
	blessing
belosw:2
	beslow
	bowels
beoost:2
	besoot
	Bootes
beost:2
	besot
	betso
belosu:2
	besoul
	blouse
beorsu:4
	besour
	Boreus
	bourse
	bouser
beeemrss:2
	Bessemer
	bessemer
beeeeimrssz:2
	Bessemerize
	bessemerize
beirst:2
	bestir
	bister
bdeeirst:2
	bestride
	bistered
beht:2
	Beth
	beth
beosst:2
	betoss
	bosset
betty:2
	Betty
	betty
beilntu:2
	betulin
	bluntie
beerv:2
	bever
	breve
bekorw:2
	bework
	bowker
bey:2
	bey
	bye
beozz:2
	bezzo
	bozze
abhim:2
	Bhima
	Biham
abcino:2
	bianco
	bonaci
aabgilnru:2
	biangular
	Bulgarian
bbeil:2
	Bible
	blibe
bcei:2
	Bice
	bice
bceiknr:2
	bickern
	bricken
bcinor:2
	bicorn
	bicron
bddiy:2
	Biddy
	biddy
bdeir:4
	bider
	bredi
	Bride
	bride
befir:2
	bifer
	brief
abdilr:2
	bildar
	bridal
bill:2
	Bill
	bill
abbdillor:2
	billboard
	broadbill
billy:2
	Billy
	billy
bilo:2
	bilo
	boil
abbdeilot:2
	bilobated
	bobtailed
bgilnot:2
	biltong
	bolting
abinry:2
	binary
	brainy
bino:3
	bino
	bion
	Boni
bdio:2
	biod
	boid
bios:2
	bios
	Bois
abiot:2
	Biota
	biota
bcehinr:2
	birchen
	brichen
bdgiilnr:2
	birdling
	bridling
abeirtt:2
	biretta
	brattie
binr:2
	birn
	brin
binry:2
	birny
	briny
bhirt:2
	birth
	brith
biist:2
	bisti
	Bitis
beinrtt:2
	bittern
	britten
bchiiilttu:2
	Bitulithic
	bitulithic
bdeimtu:2
	bitumed
	budtime
abeirrz:2
	bizarre
	brazier
abcfkloot:2
	Blackfoot
	blackfoot
abbeelrry:2
	blaeberry
	bleaberry
abilr:3
	Blair
	blair
	brail
abekl:3
	Blake
	blake
	bleak
abchln:2
	Blanch
	blanch
aabilnr:2
	Blarina
	branial
aabltt:2
	Blatta
	blatta
bdeilnno:2
	blennoid
	blondine
belo:2
	bleo
	bole
beilrst:2
	blister
	bristle
beilorrsttw:2
	blisterwort
	bristlewort
beilrtt:2
	blitter
	brittle
bceklor:2
	blocker
	brockle
bdelno:2
	blonde
	bolden
bdloo:2
	blood
	boldo
blot:2
	blot
	bolt
bellosst:2
	blotless
	boltless
belortt:2
	blotter
	bottler
bgilnott:2
	blotting
	bottling
blow:2
	blow
	bowl
belorw:2
	blower
	bowler
bgilnow:2
	blowing
	bowling
blowy:2
	blowy
	bowly
bblu:2
	blub
	bulb
bbbelru:2
	blubber
	bubbler
abbdeelru:2
	Bluebeard
	bluebeard
belru:3
	bluer
	Brule
	burel
belsu:2
	blues
	bulse
behilnsssu:2
	bluishness
	blushiness
bdelnru:2
	blunder
	bundler
beglnu:2
	blunge
	bungle
beglnru:2
	blunger
	bungler
blru:2
	blur
	burl
belrstu:3
	bluster
	brustle
	bustler
abor:2
	boar
	bora
abdlory:2
	boardly
	broadly
abdory:3
	boardy
	boyard
	byroad
abginost:2
	boasting
	bostangi
abot:2
	boat
	bota
abeort:2
	boater
	borate
bbo:2
	Bob
	bob
bbboy:2
	Bobby
	bobby
bboo:2
	bobo
	boob
bcehor:2
	bocher
	broche
bdeno:2
	boden
	boned
bdeior:3
	bodier
	boride
	Brodie
bdelo:2
	bodle
	boled
bdoo:2
	Bodo
	bood
bdoy:2
	body
	Boyd
beor:2
	Boer
	bore
begglor:2
	boggler
	broggle
bgoo:2
	Bogo
	bogo
begou:2
	bogue
	bouge
bgoy:2
	bogy
	bygo
bdelnoss:2
	boldness
	bondless
bloo:3
	Bolo
	bolo
	bool
bno:2
	Bon
	bon
abinor:2
	bonair
	Borani
benor:2
	boner
	borne
bgnoo:2
	Bongo
	bongo
bnnoy:2
	Bonny
	bonny
bnosu:2
	bonus
	bosun
bnoy:2
	bony
	byon
benorz:2
	bonzer
	bronze
bekoor:2
	booker
	Brooke
abkmnoo:2
	Bookman
	bookman
boor:4
	boor
	Boro
	boro
	broo
boost:2
	boost
	boots
abccior:2
	boracic
	braccio
abkor:2
	Borak
	borak
bdor:2
	bord
	brod
bdeeorrr:2
	borderer
	broderer
bdeorru:2
	bordure
	bourder
bgor:2
	borg
	brog
bnoor:2
	boron
	broon
bchorst:2
	borscht
	bortsch
bort:2
	bort
	brot
beors:2
	boser
	brose
abejmnoss:2
	Bosjesman
	bosjesman
bnoost:2
	Boston
	boston
bbnooru:2
	Bourbon
	bourbon
bnoru:2
	bourn
	Bruno
bosuy:2
	bousy
	byous
beorwy:3
	Bowery
	bowery
	bowyer
beorx:2
	Boxer
	boxer
aabcehinr:2
	brainache
	branchiae
abdirr:2
	braird
	Briard
aabeegkr:2
	brakeage
	breakage
abdnry:2
	Brandy
	brandy
aberv:2
	brave
	breva
ablrwy:2
	brawly
	byrlaw
abeginrst:2
	breasting
	Brigantes
bdeer:2
	brede
	breed
benrt:2
	Brent
	brent
bertt:2
	Brett
	brett
bery:2
	brey
	byre
bceiklr:2
	brickel
	brickle
bdegirr:2
	Bridger
	bridger
beeghirsty:2
	Brighteyes
	brighteyes
beirrsu:2
	brisure
	bruiser
abbdimorr:2
	Broadbrim
	broadbrim
aabdorwy:2
	Broadway
	broadway
bchoor:2
	brocho
	brooch
beikmnoor:2
	Bromeikon
	bromeikon
behlorrty:2
	brothelry
	brotherly
aabillorw:2
	Browallia
	browallia
bceklru:2
	bruckle
	buckler
bghru:2
	brugh
	burgh
binru:2
	bruin
	burin
bekru:2
	bruke
	burke
beelru:2
	brulee
	burele
abegmmmru:2
	Brummagem
	brummagem
benrtu:4
	brunet
	Bunter
	bunter
	burnet
bciknrsuw:2
	Brunswick
	brunswick
bnrtu:2
	brunt
	burnt
brtu:2
	brut
	burt
bertu:2
	brute
	buret
belrtuy:2
	brutely
	butlery
bu:2
	Bu
	bu
abbilsu:2
	Bubalis
	bubalis
bbou:2
	Bubo
	bubo
bbchksuu:2
	buckbush
	bushbuck
bckuy:2
	Bucky
	bucky
bdu:2
	Bud
	bud
abgnu:2
	bugan
	Bunga
beglu:2
	bugle
	bulge
beglru:3
	bugler
	bulger
	burgle
belrtu:4
	bulter
	burlet
	Butler
	butler
bdenru:3
	bunder
	burden
	burned
bntuy:2
	bunty
	Butyn
abbknru:2
	Burbank
	burbank
bdeiru:2
	burdie
	buried
biru:2
	Buri
	buri
belrru:2
	burler
	burrel
beintu:2
	butein
	butine
abemny:2
	byeman
	byname
